7.9207 	WARNING 	Couldn't measure a consistent frame rate!
  - Is your graphics card set to sync to vertical blank?
  - Are you running other processes on your computer?

7.9210 	EXP 	Created window1 = Window(allowGUI=True, allowStencil=False, autoLog=True, backendConf=UNKNOWN, bitsMode=UNKNOWN, blendMode='avg', bpc=(8, 8, 8), color=array([0, 0, 0]), colorSpace='rgb', depthBits=8, fullscr=<method-wrapper '__getattribute__' of attributeSetter object at 0x000002A0A1B40F40>, gamma=None, gammaErrorPolicy='raise', lms=UNKNOWN, monitor=<psychopy.monitors.calibTools.Monitor object at 0x000002A0A1F73A30>, multiSample=False, name='window1', numSamples=2, pos=(0, 0), screen=0, size=array([1920, 1080]), stencilBits=0, stereo=False, units='height', useFBO=True, useRetina=False, viewOri=0.0, viewPos=None, viewScale=None, waitBlanking=True, winType='pyglet')
7.9211 	EXP 	window1: mouseVisible = True
7.9211 	EXP 	window1: mouseVisible = True
7.9212 	EXP 	window1: Attempting to measure frame rate of screen (0) ...
7.9212 	EXP 	window1: recordFrameIntervals = False
8.0875 	EXP 	window1: recordFrameIntervals = True
8.6404 	WARNING 	t of last frame was 20.38ms (=1/49)
8.9210 	EXP 	Screen (0) actual frame rate measured at 59.59Hz
8.9210 	EXP 	window1: recordFrameIntervals = True
8.9503 	WARNING 	launchHubServer: If using the iohub mouse or eyetracker devices, fullScr should be True.
11.1508 	EXP 	Created intro_text = TextStim(__class__=<class 'psychopy.visual.text.TextStim'>, alignHoriz=method-wrapper(...), alignText='center', alignVert=method-wrapper(...), anchorHoriz='center', anchorVert='center', antialias=True, autoDraw=False, autoLog=True, bold=False, color=array([1., 1., 1.]), colorSpace='rgb', contrast=1.0, depth=0.0, flipHoriz=False, flipVert=False, font='Open Sans', fontFiles=[], height=0.05, italic=False, languageStyle='LTR', name='intro_text', opacity=1.0, ori=0.0, pos=array([0., 0.]), rgb=UNKNOWN, text=str(...), units='height', win=Window(...), wrapWidth=1)
11.1669 	EXP 	Created stimulus = ImageStim(__class__=<class 'psychopy.visual.image.ImageStim'>, anchor=('center', 'center'), autoLog=True, color=array([1., 1., 1.]), colorSpace='rgb', contrast=1.0, depth=0.0, flipHoriz=False, flipVert=False, image='sin', interpolate=True, mask=None, maskParams=None, name='stimulus', opacity=1.0, ori=0.0, pos=array([0., 0.]), size=array([0.75, 0.5 ]), texRes=128.0, units='height', win=Window(...))
11.1684 	EXP 	Created text = TextStim(__class__=<class 'psychopy.visual.text.TextStim'>, alignHoriz=method-wrapper(...), alignText='center', alignVert=method-wrapper(...), anchorHoriz='center', anchorVert='center', antialias=True, autoDraw=False, autoLog=True, bold=False, color=array([1., 1., 1.]), colorSpace='rgb', contrast=1.0, depth=0.0, flipHoriz=False, flipVert=False, font='Open Sans', fontFiles=[], height=0.05, italic=False, languageStyle='LTR', name='text', opacity=1.0, ori=0.0, pos=array([0., 0.]), rgb=UNKNOWN, text='', units='height', win=Window(...), wrapWidth=1)
11.1697 	EXP 	Created rtmess = TextStim(__class__=<class 'psychopy.visual.text.TextStim'>, alignHoriz=method-wrapper(...), alignText='center', alignVert=method-wrapper(...), anchorHoriz='center', anchorVert='center', antialias=True, autoDraw=False, autoLog=True, bold=False, color=array([1., 1., 1.]), colorSpace='rgb', contrast=1.0, depth=0.0, flipHoriz=False, flipVert=False, font='Open Sans', fontFiles=[], height=0.05, italic=False, languageStyle='LTR', name='rtmess', opacity=1.0, ori=0.0, pos=array([0., 0.]), rgb=UNKNOWN, text='', units='height', win=Window(...), wrapWidth=1)
11.1709 	EXP 	Created acmess = TextStim(__class__=<class 'psychopy.visual.text.TextStim'>, alignHoriz=method-wrapper(...), alignText='center', alignVert=method-wrapper(...), anchorHoriz='center', anchorVert='center', antialias=True, autoDraw=False, autoLog=True, bold=False, color=array([1., 1., 1.]), colorSpace='rgb', contrast=1.0, depth=-1.0, flipHoriz=False, flipVert=False, font='Open Sans', fontFiles=[], height=0.05, italic=False, languageStyle='LTR', name='acmess', opacity=1.0, ori=0.0, pos=array([0., 0.]), rgb=UNKNOWN, text='', units='height', win=Window(...), wrapWidth=1)
11.1863 	WARNING 	t of last frame was 2265.63ms (=1/0)
11.1863 	EXP 	intro_text: autoDraw = True
12.3501 	EXP 	Imported trial_sequence.xlsx as conditions, 10 conditions, 3 params
12.3509 	EXP 	Created sequence: random, trialTypes=10, nReps=1, seed=None
12.3513 	EXP 	New trial (rep=0, index=0): {'animal_image': 'cat1.jpg', 'animal_type': 'cat', 'expected_answer': 'c'}
12.3514 	EXP 	window1: recordFrameIntervals = False
12.3526 	DATA 	Keypress: space
12.3589 	EXP 	intro_text: autoDraw = False
12.3886 	EXP 	window1: recordFrameIntervals = True
12.8926 	EXP 	stimulus: image = 'cat1.jpg'
12.8926 	EXP 	stimulus: autoDraw = True
12.9138 	WARNING 	t of last frame was 21.16ms (=1/47)
13.7340 	DATA 	Keypress: c
13.7905 	WARNING 	t of last frame was 44.99ms (=1/22)
13.7905 	EXP 	stimulus: autoDraw = False
13.7905 	EXP 	text: height = 0.05
13.7905 	EXP 	text: height = 0.05
13.7905 	EXP 	text: height = 0.05
13.7905 	EXP 	text: text = 'CORRECT!'
13.7905 	EXP 	text: autoDraw = True
13.8120 	WARNING 	Multiple dropped frames have occurred - I'll stop bothering you about them!
15.7751 	EXP 	text: autoDraw = False
15.7751 	EXP 	rtmess: text = ''
15.7751 	EXP 	acmess: text = ''
15.7751 	EXP 	rtmess: autoDraw = True
15.7751 	EXP 	acmess: autoDraw = True
15.7751 	EXP 	rtmess: height = 0.05
15.7751 	EXP 	rtmess: height = 0.05
15.7751 	EXP 	rtmess: height = 0.05
15.7751 	EXP 	rtmess: text = ''
15.7751 	EXP 	acmess: height = 0.05
15.7751 	EXP 	acmess: height = 0.05
15.7751 	EXP 	acmess: height = 0.05
15.7751 	EXP 	acmess: text = ''
18.7548 	EXP 	New trial (rep=0, index=1): {'animal_image': 'dog1.jpg', 'animal_type': 'dog', 'expected_answer': 'd'}
18.7550 	EXP 	window1: recordFrameIntervals = False
18.7722 	EXP 	rtmess: autoDraw = False
18.7722 	EXP 	acmess: autoDraw = False
18.7905 	EXP 	window1: recordFrameIntervals = True
19.2520 	EXP 	stimulus: image = 'dog1.jpg'
19.2520 	EXP 	stimulus: autoDraw = True
20.6193 	DATA 	Keypress: d
20.6344 	EXP 	stimulus: autoDraw = False
20.6344 	EXP 	text: text = 'CORRECT!'
20.6344 	EXP 	text: autoDraw = True
22.6816 	EXP 	text: autoDraw = False
22.6816 	EXP 	rtmess: height = 0.05
22.6816 	EXP 	rtmess: height = 0.05
22.6816 	EXP 	rtmess: height = 0.05
22.6816 	EXP 	rtmess: text = 'Your mean RT is: 0.8384531000046991'
22.6816 	EXP 	acmess: height = 0.05
22.6816 	EXP 	acmess: height = 0.05
22.6816 	EXP 	acmess: height = 0.05
22.6816 	EXP 	acmess: text = 'Your mean accuracy is: 1.0'
22.6816 	EXP 	rtmess: autoDraw = True
22.6816 	EXP 	acmess: autoDraw = True
25.6149 	EXP 	New trial (rep=0, index=2): {'animal_image': 'dog5.jpg', 'animal_type': 'dog', 'expected_answer': 'd'}
25.6154 	EXP 	window1: recordFrameIntervals = False
25.6300 	EXP 	rtmess: autoDraw = False
25.6300 	EXP 	acmess: autoDraw = False
25.6569 	EXP 	window1: recordFrameIntervals = True
26.1085 	EXP 	stimulus: image = 'dog5.jpg'
26.1085 	EXP 	stimulus: autoDraw = True
27.3528 	DATA 	Keypress: d
27.3603 	EXP 	stimulus: autoDraw = False
27.3603 	EXP 	text: text = 'CORRECT!'
27.3603 	EXP 	text: autoDraw = True
29.3868 	EXP 	text: autoDraw = False
29.3868 	EXP 	rtmess: height = 0.05
29.3868 	EXP 	rtmess: height = 0.05
29.3868 	EXP 	rtmess: height = 0.05
29.3868 	EXP 	rtmess: text = 'Your mean RT is: 1.093559250002727'
29.3868 	EXP 	acmess: text = 'Your mean accuracy is: 1.0'
29.3868 	EXP 	rtmess: autoDraw = True
29.3868 	EXP 	acmess: autoDraw = True
30.7586 	DATA 	Keypress: escape
31.5258 	EXP 	window1: mouseVisible = True
