5.6777 	EXP 	Created window1 = Window(allowGUI=True, allowStencil=False, autoLog=True, backendConf=UNKNOWN, bitsMode=UNKNOWN, blendMode='avg', bpc=(8, 8, 8), color=array([0, 0, 0]), colorSpace='rgb', depthBits=8, fullscr=<method-wrapper '__getattribute__' of attributeSetter object at 0x00000224B1690F40>, gamma=None, gammaErrorPolicy='raise', lms=UNKNOWN, monitor=<psychopy.monitors.calibTools.Monitor object at 0x00000224B2592A00>, multiSample=False, name='window1', numSamples=2, pos=(0, 0), screen=0, size=array([1920, 1080]), stencilBits=0, stereo=False, units='height', useFBO=True, useRetina=False, viewOri=0.0, viewPos=None, viewScale=None, waitBlanking=True, winType='pyglet')
5.6780 	EXP 	window1: mouseVisible = True
5.6781 	EXP 	window1: mouseVisible = True
5.6781 	EXP 	window1: Attempting to measure frame rate of screen (0) ...
5.6782 	EXP 	window1: recordFrameIntervals = False
6.0096 	EXP 	window1: recordFrameIntervals = True
6.3773 	EXP 	Screen (0) actual frame rate measured at 29.92Hz
6.3774 	EXP 	window1: recordFrameIntervals = False
6.3959 	WARNING 	launchHubServer: If using the iohub mouse or eyetracker devices, fullScr should be True.
8.0304 	EXP 	Created text = TextStim(__class__=<class 'psychopy.visual.text.TextStim'>, alignHoriz=method-wrapper(...), alignText='center', alignVert=method-wrapper(...), anchorHoriz='center', anchorVert='center', antialias=True, autoDraw=False, autoLog=True, bold=False, color=array([1., 1., 1.]), colorSpace='rgb', contrast=1.0, depth=0.0, flipHoriz=False, flipVert=False, font='Open Sans', fontFiles=[], height=0.05, italic=False, languageStyle='LTR', name='text', opacity=1.0, ori=0.0, pos=array([0., 0.]), rgb=UNKNOWN, text=str(...), units='height', win=Window(...), wrapWidth=1)
8.0437 	EXP 	Created image = ImageStim(__class__=<class 'psychopy.visual.image.ImageStim'>, anchor=('center', 'center'), autoLog=True, color=array([1., 1., 1.]), colorSpace='rgb', contrast=1.0, depth=0.0, flipHoriz=False, flipVert=False, image='sin', interpolate=True, mask=None, maskParams=None, name='image', opacity=1.0, ori=0.0, pos=array([0., 0.]), size=array([0.75, 0.5 ]), texRes=128.0, units='height', win=Window(...))
8.0646 	EXP 	text: autoDraw = True
8.7271 	DATA 	Keypress: space
8.7667 	EXP 	Imported trial_sequence.xlsx as conditions, 10 conditions, 3 params
8.7673 	EXP 	Created sequence: random, trialTypes=10, nReps=1, seed=None
8.7676 	EXP 	New trial (rep=0, index=0): {'animal_image': 'cat2.jpg', 'animal_type': 'cat', 'expected_answer': 'c'}
8.8443 	EXP 	text: autoDraw = False
8.8443 	EXP 	image: image = 'cat2.jpg'
8.8443 	EXP 	image: autoDraw = True
9.7735 	EXP 	New trial (rep=0, index=1): {'animal_image': 'dog2.jpg', 'animal_type': 'dog', 'expected_answer': 'd'}
9.8114 	EXP 	image: autoDraw = False
9.8114 	EXP 	image: image = 'dog2.jpg'
9.8114 	EXP 	image: autoDraw = True
10.7728 	EXP 	New trial (rep=0, index=2): {'animal_image': 'cat5.jpg', 'animal_type': 'cat', 'expected_answer': 'c'}
10.8045 	EXP 	image: autoDraw = False
10.8045 	EXP 	image: image = 'cat5.jpg'
10.8045 	EXP 	image: autoDraw = True
11.7727 	EXP 	New trial (rep=0, index=3): {'animal_image': 'dog1.jpg', 'animal_type': 'dog', 'expected_answer': 'd'}
11.8036 	EXP 	image: autoDraw = False
11.8036 	EXP 	image: image = 'dog1.jpg'
11.8036 	EXP 	image: autoDraw = True
12.7715 	EXP 	New trial (rep=0, index=4): {'animal_image': 'dog4.jpg', 'animal_type': 'dog', 'expected_answer': 'd'}
12.8088 	EXP 	image: autoDraw = False
12.8088 	EXP 	image: image = 'dog4.jpg'
12.8088 	EXP 	image: autoDraw = True
13.7697 	EXP 	New trial (rep=0, index=5): {'animal_image': 'dog3.jpg', 'animal_type': 'dog', 'expected_answer': 'd'}
13.8010 	EXP 	image: autoDraw = False
13.8010 	EXP 	image: image = 'dog3.jpg'
13.8010 	EXP 	image: autoDraw = True
14.7677 	EXP 	New trial (rep=0, index=6): {'animal_image': 'cat4.jpg', 'animal_type': 'cat', 'expected_answer': 'c'}
14.8002 	EXP 	image: autoDraw = False
14.8002 	EXP 	image: image = 'cat4.jpg'
14.8002 	EXP 	image: autoDraw = True
15.7664 	EXP 	New trial (rep=0, index=7): {'animal_image': 'cat3.jpg', 'animal_type': 'cat', 'expected_answer': 'c'}
15.7993 	EXP 	image: autoDraw = False
15.7993 	EXP 	image: image = 'cat3.jpg'
15.7993 	EXP 	image: autoDraw = True
16.7643 	EXP 	New trial (rep=0, index=8): {'animal_image': 'dog5.jpg', 'animal_type': 'dog', 'expected_answer': 'd'}
16.7963 	EXP 	image: autoDraw = False
16.7963 	EXP 	image: image = 'dog5.jpg'
16.7963 	EXP 	image: autoDraw = True
17.7621 	EXP 	New trial (rep=0, index=9): {'animal_image': 'cat1.jpg', 'animal_type': 'cat', 'expected_answer': 'c'}
17.7942 	EXP 	image: autoDraw = False
17.7942 	EXP 	image: image = 'cat1.jpg'
17.7942 	EXP 	image: autoDraw = True
18.7916 	EXP 	image: autoDraw = False
18.8428 	EXP 	window1: mouseVisible = True
