5.9179 	EXP 	Created window1 = Window(allowGUI=True, allowStencil=False, autoLog=True, backendConf=UNKNOWN, bitsMode=UNKNOWN, blendMode='avg', bpc=(8, 8, 8), color=array([0, 0, 0]), colorSpace='rgb', depthBits=8, fullscr=<method-wrapper '__getattribute__' of attributeSetter object at 0x0000027BF0D80F70>, gamma=None, gammaErrorPolicy='raise', lms=UNKNOWN, monitor=<psychopy.monitors.calibTools.Monitor object at 0x0000027BF11B39A0>, multiSample=False, name='window1', numSamples=2, pos=(0, 0), screen=0, size=array([1920, 1080]), stencilBits=0, stereo=False, units='height', useFBO=True, useRetina=False, viewOri=0.0, viewPos=None, viewScale=None, waitBlanking=True, winType='pyglet')
5.9179 	EXP 	window1: mouseVisible = True
5.9180 	EXP 	window1: mouseVisible = True
5.9180 	EXP 	window1: Attempting to measure frame rate of screen (0) ...
5.9180 	EXP 	window1: recordFrameIntervals = False
6.0832 	EXP 	window1: recordFrameIntervals = True
6.2682 	EXP 	Screen (0) actual frame rate measured at 59.98Hz
6.2682 	EXP 	window1: recordFrameIntervals = False
6.2946 	WARNING 	launchHubServer: If using the iohub mouse or eyetracker devices, fullScr should be True.
8.2712 	EXP 	Created intro_text = TextStim(__class__=<class 'psychopy.visual.text.TextStim'>, alignHoriz=method-wrapper(...), alignText='center', alignVert=method-wrapper(...), anchorHoriz='center', anchorVert='center', antialias=True, autoDraw=False, autoLog=True, bold=False, color=array([1., 1., 1.]), colorSpace='rgb', contrast=1.0, depth=0.0, flipHoriz=False, flipVert=False, font='Open Sans', fontFiles=[], height=0.05, italic=False, languageStyle='LTR', name='intro_text', opacity=1.0, ori=0.0, pos=array([0., 0.]), rgb=UNKNOWN, text=str(...), units='height', win=Window(...), wrapWidth=1)
8.2850 	EXP 	Created stimulus = ImageStim(__class__=<class 'psychopy.visual.image.ImageStim'>, anchor=('center', 'center'), autoLog=True, color=array([1., 1., 1.]), colorSpace='rgb', contrast=1.0, depth=0.0, flipHoriz=False, flipVert=False, image='sin', interpolate=True, mask=None, maskParams=None, name='stimulus', opacity=1.0, ori=0.0, pos=array([0., 0.]), size=array([0.75, 0.5 ]), texRes=128.0, units='height', win=Window(...))
8.2964 	EXP 	Created correct_feedback = TextStim(__class__=<class 'psychopy.visual.text.TextStim'>, alignHoriz=method-wrapper(...), alignText='center', alignVert=method-wrapper(...), anchorHoriz='center', anchorVert='center', antialias=True, autoDraw=False, autoLog=True, bold=False, color=array([-1.        ,  0.00392157, -1.        ]), colorSpace='rgb', contrast=1.0, depth=0.0, flipHoriz=False, flipVert=False, font='Open Sans', fontFiles=[], height=0.05, italic=False, languageStyle='LTR', name='correct_feedback', opacity=1.0, ori=0.0, pos=array([0., 0.]), rgb=UNKNOWN, text='CORRECT!', units='height', win=Window(...), wrapWidth=1)
8.3030 	EXP 	Created timeout_feedback = TextStim(__class__=<class 'psychopy.visual.text.TextStim'>, alignHoriz=method-wrapper(...), alignText='center', alignVert=method-wrapper(...), anchorHoriz='center', anchorVert='center', antialias=True, autoDraw=False, autoLog=True, bold=False, color=array([1., 1., 1.]), colorSpace='rgb', contrast=1.0, depth=-1.0, flipHoriz=False, flipVert=False, font='Open Sans', fontFiles=[], height=0.05, italic=False, languageStyle='LTR', name='timeout_feedback', opacity=1.0, ori=0.0, pos=array([0., 0.]), rgb=UNKNOWN, text='Timeout - please respond faster!', units='height', win=Window(...), wrapWidth=1)
8.3122 	EXP 	Created wrong_feedback = TextStim(__class__=<class 'psychopy.visual.text.TextStim'>, alignHoriz=method-wrapper(...), alignText='center', alignVert=method-wrapper(...), anchorHoriz='center', anchorVert='center', antialias=True, autoDraw=False, autoLog=True, bold=False, color=array([ 1., -1., -1.]), colorSpace='rgb', contrast=1.0, depth=-2.0, flipHoriz=False, flipVert=False, font='Open Sans', fontFiles=[], height=0.05, italic=False, languageStyle='LTR', name='wrong_feedback', opacity=1.0, ori=0.0, pos=array([0., 0.]), rgb=UNKNOWN, text='WRONG!', units='height', win=Window(...), wrapWidth=1)
8.3326 	EXP 	intro_text: autoDraw = True
9.0528 	EXP 	Imported trial_sequence.xlsx as conditions, 10 conditions, 3 params
9.0538 	EXP 	Created sequence: random, trialTypes=10, nReps=1, seed=None
9.0544 	EXP 	New trial (rep=0, index=0): {'animal_image': 'dog4.jpg', 'animal_type': 'dog', 'expected_answer': 'd'}
9.0546 	EXP 	window1: recordFrameIntervals = False
9.0557 	DATA 	Keypress: space
9.0742 	EXP 	intro_text: autoDraw = False
9.1180 	EXP 	window1: recordFrameIntervals = False
9.5914 	EXP 	stimulus: image = 'dog4.jpg'
9.5914 	EXP 	stimulus: autoDraw = True
10.5350 	DATA 	Keypress: c
10.5438 	EXP 	stimulus: autoDraw = False
10.5438 	EXP 	wrong_feedback: autoDraw = True
12.5562 	EXP 	wrong_feedback: autoDraw = False
22.4644 	DATA 	Keypress: space
23.5145 	DATA 	Keypress: c
24.6119 	DATA 	Keypress: escape
25.1634 	EXP 	window1: mouseVisible = True
