9.6445 	WARNING 	Couldn't measure a consistent frame rate!
  - Is your graphics card set to sync to vertical blank?
  - Are you running other processes on your computer?

9.6449 	EXP 	Created window1 = Window(allowGUI=True, allowStencil=False, autoLog=True, backendConf=UNKNOWN, bitsMode=UNKNOWN, blendMode='avg', bpc=(8, 8, 8), color=array([0, 0, 0]), colorSpace='rgb', depthBits=8, fullscr=<method-wrapper '__getattribute__' of attributeSetter object at 0x000001BA2E520FA0>, gamma=None, gammaErrorPolicy='raise', lms=UNKNOWN, monitor=<psychopy.monitors.calibTools.Monitor object at 0x000001BA2F422A90>, multiSample=False, name='window1', numSamples=2, pos=(0, 0), screen=0, size=array([1920, 1080]), stencilBits=0, stereo=False, units='height', useFBO=True, useRetina=False, viewOri=0.0, viewPos=None, viewScale=None, waitBlanking=True, winType='pyglet')
9.6451 	EXP 	window1: mouseVisible = True
9.6451 	EXP 	window1: mouseVisible = True
9.6451 	EXP 	window1: Attempting to measure frame rate of screen (0) ...
9.6452 	EXP 	window1: recordFrameIntervals = False
9.9784 	EXP 	window1: recordFrameIntervals = True
10.0450 	WARNING 	t of last frame was 34.29ms (=1/29)
10.0776 	WARNING 	t of last frame was 32.55ms (=1/30)
10.1109 	WARNING 	t of last frame was 33.37ms (=1/29)
10.1450 	WARNING 	t of last frame was 34.04ms (=1/29)
10.1784 	WARNING 	Multiple dropped frames have occurred - I'll stop bothering you about them!
10.2113 	EXP 	Screen (0) actual frame rate measured at 30.23Hz
10.2113 	EXP 	window1: recordFrameIntervals = True
10.2413 	WARNING 	launchHubServer: If using the iohub mouse or eyetracker devices, fullScr should be True.
12.4444 	EXP 	Created text = TextStim(__class__=<class 'psychopy.visual.text.TextStim'>, alignHoriz=method-wrapper(...), alignText='center', alignVert=method-wrapper(...), anchorHoriz='center', anchorVert='center', antialias=True, autoDraw=False, autoLog=True, bold=False, color=array([1., 1., 1.]), colorSpace='rgb', contrast=1.0, depth=0.0, flipHoriz=False, flipVert=False, font='Open Sans', fontFiles=[], height=0.05, italic=False, languageStyle='LTR', name='text', opacity=1.0, ori=0.0, pos=array([0., 0.]), rgb=UNKNOWN, text=str(...), units='height', win=Window(...), wrapWidth=1)
12.4603 	EXP 	Created image = ImageStim(__class__=<class 'psychopy.visual.image.ImageStim'>, anchor=('center', 'center'), autoLog=True, color=array([1., 1., 1.]), colorSpace='rgb', contrast=1.0, depth=0.0, flipHoriz=False, flipVert=False, image='sin', interpolate=True, mask=None, maskParams=None, name='image', opacity=1.0, ori=0.0, pos=array([0., 0.]), size=array([0.75, 0.5 ]), texRes=128.0, units='height', win=Window(...))
12.4836 	EXP 	text: autoDraw = True
13.5740 	EXP 	Imported trial_sequence.xlsx as conditions, 10 conditions, 3 params
13.5750 	EXP 	Created sequence: random, trialTypes=10, nReps=1, seed=None
13.5755 	EXP 	New trial (rep=0, index=0): {'animal_image': 'dog5.jpg', 'animal_type': 'dog', 'expected_answer': 'd'}
13.6500 	DATA 	Keypress: space
13.6590 	EXP 	text: autoDraw = False
13.6590 	EXP 	image: image = 'dog5.jpg'
13.6590 	EXP 	image: autoDraw = True
14.5864 	EXP 	New trial (rep=0, index=1): {'animal_image': 'cat5.jpg', 'animal_type': 'cat', 'expected_answer': 'c'}
14.6113 	EXP 	image: autoDraw = False
14.6113 	EXP 	image: image = 'cat5.jpg'
14.6113 	EXP 	image: autoDraw = True
15.5860 	EXP 	New trial (rep=0, index=2): {'animal_image': 'cat2.jpg', 'animal_type': 'cat', 'expected_answer': 'c'}
15.6235 	EXP 	image: autoDraw = False
15.6235 	EXP 	image: image = 'cat2.jpg'
15.6235 	EXP 	image: autoDraw = True
16.5740 	EXP 	New trial (rep=0, index=3): {'animal_image': 'dog1.jpg', 'animal_type': 'dog', 'expected_answer': 'd'}
16.6062 	EXP 	image: autoDraw = False
16.6062 	EXP 	image: image = 'dog1.jpg'
16.6062 	EXP 	image: autoDraw = True
17.5840 	EXP 	New trial (rep=0, index=4): {'animal_image': 'cat3.jpg', 'animal_type': 'cat', 'expected_answer': 'c'}
17.6218 	EXP 	image: autoDraw = False
17.6218 	EXP 	image: image = 'cat3.jpg'
17.6218 	EXP 	image: autoDraw = True
18.5686 	EXP 	New trial (rep=0, index=5): {'animal_image': 'dog2.jpg', 'animal_type': 'dog', 'expected_answer': 'd'}
18.6066 	EXP 	image: autoDraw = False
18.6066 	EXP 	image: image = 'dog2.jpg'
18.6066 	EXP 	image: autoDraw = True
19.5692 	EXP 	New trial (rep=0, index=6): {'animal_image': 'cat1.jpg', 'animal_type': 'cat', 'expected_answer': 'c'}
19.6070 	EXP 	image: autoDraw = False
19.6070 	EXP 	image: image = 'cat1.jpg'
19.6070 	EXP 	image: autoDraw = True
19.6373 	DATA 	Keypress: c
19.6739 	EXP 	New trial (rep=0, index=7): {'animal_image': 'dog3.jpg', 'animal_type': 'dog', 'expected_answer': 'd'}
19.7063 	EXP 	image: autoDraw = False
19.7063 	EXP 	image: image = 'dog3.jpg'
20.6034 	EXP 	image: autoDraw = True
21.0082 	EXP 	New trial (rep=0, index=8): {'animal_image': 'dog4.jpg', 'animal_type': 'dog', 'expected_answer': 'd'}
21.0411 	DATA 	Keypress: c
21.0541 	EXP 	image: autoDraw = False
21.0541 	EXP 	image: image = 'dog4.jpg'
21.5783 	EXP 	image: autoDraw = True
22.1485 	EXP 	New trial (rep=0, index=9): {'animal_image': 'cat4.jpg', 'animal_type': 'cat', 'expected_answer': 'c'}
22.1612 	DATA 	Keypress: c
22.1830 	EXP 	image: autoDraw = False
22.1830 	EXP 	image: image = 'cat4.jpg'
22.5778 	EXP 	image: autoDraw = True
23.1519 	DATA 	Keypress: c
23.1774 	EXP 	image: autoDraw = False
23.2596 	EXP 	window1: mouseVisible = True
